<?xml version="1.0" encoding="UTF-8"?>
<testsuite name="yo como usuario" tests="1" skipped="0" failures="0" errors="0" timestamp="2022-05-18T20:55:03" hostname="CHMEP9TWWGJ3" time="21.438">
  <properties/>
  <testcase name="visualizar factura del pedido exitosa" classname="yo como usuario" time="21.438"/>
  <system-out><![CDATA[]]></system-out>
  <system-err><![CDATA[may 18, 2022 3:55:03 PM org.openqa.selenium.remote.DesiredCapabilities chrome
INFORMACIÓN: Using `new ChromeOptions()` is preferred to `DesiredCapabilities.chrome()`
[Test worker] INFO net.serenitybdd.core.webdriver.driverproviders.ProvideNewDriver - Instantiating driver
[Test worker] INFO net.serenitybdd.core.webdriver.driverproviders.ProvideNewDriver - Driver capabilities: Capabilities {acceptInsecureCerts: false, acceptSslCerts: true, browserName: chrome, chrome.switches: --incognito,--start-maximized, goog:chromeOptions: {args: [--incognito, --start-maximized], extensions: [], prefs: {safebrowsing.enabled: false}}, loggingPrefs: org.openqa.selenium.logging..., platform: ANY, unhandledPromptBehavior: ignore, version: }
Starting ChromeDriver 101.0.4951.41 (93c720db8323b3ec10d056025ab95c23a31997c9-refs/branch-heads/4951@{#904}) on port 27892
Only local connections are allowed.
Please see https://chromedriver.chromium.org/security-considerations for suggestions on keeping ChromeDriver safe.
ChromeDriver was started successfully.
may 18, 2022 3:55:05 PM org.openqa.selenium.remote.ProtocolHandshake createSession
INFORMACIÓN: Detected dialect: W3C
[Test worker] INFO net.thucydides.core.steps.ConsoleLoggingListener - 
        __    _____ _____ ____ _____   ____   _    ____  ____  _____ ____  
  _     \ \  |_   _| ____/ ___|_   _| |  _ \ / \  / ___|/ ___|| ____|  _ \ 
 (_)_____| |   | | |  _| \___ \ | |   | |_) / _ \ \___ \\___ \|  _| | | | |
  _|_____| |   | | | |___ ___) || |   |  __/ ___ \ ___) |___) | |___| |_| |
 (_)     | |   |_| |_____|____/ |_|   |_| /_/   \_\____/|____/|_____|____/ 
        /_/                                                                

TEST PASSED: visualizar factura del pedido exitosa
----------------------------------------------------------------------------
]]></system-err>
</testsuite>
